<?xml version="1.0" encoding="UTF-8"?>
<!-- Generated by org.testng.reporters.JUnitXMLReporter -->
<testsuite ignored="2" hostname="LAPTOP-NE3C2TSS" failures="0" tests="1" name="Default test" time="6.565" errors="0" timestamp="2022-04-21T18:26:10 EDT">
  <testcase classname="pack3.HandleMultipleWindows" name="ExplicitWaitMechanism" time="6.533"/>
  <testcase classname="pack3.HandleMultipleWindows" name="getDifferentValues2" time="0.0">
    <ignored/>
  </testcase> <!-- getDifferentValues2 -->
  <testcase classname="pack3.HandleMultipleWindows" name="getDifferentValues3" time="0.0">
    <ignored/>
  </testcase> <!-- getDifferentValues3 -->
</testsuite> <!-- Default test -->
