<?xml version="1.0" encoding="UTF-8"?>
<testng-results ignored="2" total="3" passed="1" failed="0" skipped="0">
  <reporter-output>
  </reporter-output>
  <suite started-at="2022-04-21T18:26:03 EDT" name="Default suite" finished-at="2022-04-21T18:26:10 EDT" duration-ms="6565">
    <groups>
    </groups>
    <test started-at="2022-04-21T18:26:03 EDT" name="Default test" finished-at="2022-04-21T18:26:10 EDT" duration-ms="6565">
      <class name="pack3.HandleMultipleWindows">
        <test-method signature="ExplicitWaitMechanism()[pri:0, instance:pack3.HandleMultipleWindows@4466af20]" started-at="2022-04-21T18:26:03 EDT" name="ExplicitWaitMechanism" finished-at="2022-04-21T18:26:10 EDT" duration-ms="6533" status="PASS">
          <reporter-output>
          </reporter-output>
        </test-method> <!-- ExplicitWaitMechanism -->
      </class> <!-- pack3.HandleMultipleWindows -->
    </test> <!-- Default test -->
  </suite> <!-- Default suite -->
</testng-results>
